<?xml version="1.0" encoding="UTF-8"?>
<!-- Generated by org.testng.reporters.JUnitReportReporter -->
<testsuite ignored="0" hostname="ERIOS" failures="0" tests="1" name="pruebaNG.NewTest" time="0.031" errors="0" timestamp="19 jun. 2021 16:05:06 GMT" skipped="0">
  <testcase classname="pruebaNG.NewTest" name="f" time="0.031"/>
</testsuite> <!-- pruebaNG.NewTest -->
